{"/Users/mac/Documents/SYNTHEOSAI/SYNTHEOSCore/src/ai/summarizer.ts": {"path":"/Users/mac/Documents/SYNTHEOSAI/SYNTHEOSCore/src/ai/summarizer.ts","statementMap":{"0":{"start":{"line":7,"column":4},"end":{"line":7,"column":36}},"1":{"start":{"line":7,"column":26},"end":{"line":7,"column":36}},"2":{"start":{"line":9,"column":20},"end":{"line":9,"column":98}},"3":{"start":{"line":9,"column":38},"end":{"line":9,"column":86}},"4":{"start":{"line":11,"column":19},"end":{"line":11,"column":80}},"5":{"start":{"line":13,"column":20},"end":{"line":13,"column":60}},"6":{"start":{"line":15,"column":4},"end":{"line":20,"column":7}},"7":{"start":{"line":22,"column":4},"end":{"line":22,"column":19}}},"fnMap":{"0":{"name":"summarizeMemories","decl":{"start":{"line":6,"column":22},"end":{"line":6,"column":39}},"loc":{"start":{"line":6,"column":80},"end":{"line":23,"column":1}},"line":6},"1":{"name":"(anonymous_1)","decl":{"start":{"line":9,"column":33},"end":{"line":9,"column":34}},"loc":{"start":{"line":9,"column":38},"end":{"line":9,"column":86}},"line":9}},"branchMap":{"0":{"loc":{"start":{"line":7,"column":4},"end":{"line":7,"column":36}},"type":"if","locations":[{"start":{"line":7,"column":4},"end":{"line":7,"column":36}},{"start":{},"end":{}}],"line":7},"1":{"loc":{"start":{"line":11,"column":46},"end":{"line":11,"column":60}},"type":"binary-expr","locations":[{"start":{"line":11,"column":46},"end":{"line":11,"column":50}},{"start":{"line":11,"column":54},"end":{"line":11,"column":60}}],"line":11}},"s":{"0":3,"1":0,"2":3,"3":4,"4":3,"5":3,"6":3,"7":3},"f":{"0":3,"1":4},"b":{"0":[0,3],"1":[3,0]},"_coverageSchema":"1a1c01bbd47fc00a2c39e90264f33305004495a9","hash":"934765f4a41dbcaa358ead997d02341995569b80"}
,"/Users/mac/Documents/SYNTHEOSAI/SYNTHEOSCore/src/memory/memory_store.ts": {"path":"/Users/mac/Documents/SYNTHEOSAI/SYNTHEOSCore/src/memory/memory_store.ts","statementMap":{"0":{"start":{"line":4,"column":11},"end":{"line":4,"column":48}},"1":{"start":{"line":7,"column":4},"end":{"line":18,"column":7}},"2":{"start":{"line":8,"column":21},"end":{"line":8,"column":42}},"3":{"start":{"line":10,"column":8},"end":{"line":17,"column":11}},"4":{"start":{"line":11,"column":12},"end":{"line":16,"column":14}},"5":{"start":{"line":14,"column":41},"end":{"line":14,"column":56}},"6":{"start":{"line":15,"column":40},"end":{"line":15,"column":53}}},"fnMap":{"0":{"name":"saveMemory","decl":{"start":{"line":6,"column":22},"end":{"line":6,"column":32}},"loc":{"start":{"line":6,"column":59},"end":{"line":19,"column":1}},"line":6},"1":{"name":"(anonymous_1)","decl":{"start":{"line":7,"column":23},"end":{"line":7,"column":24}},"loc":{"start":{"line":7,"column":44},"end":{"line":18,"column":5}},"line":7},"2":{"name":"(anonymous_2)","decl":{"start":{"line":10,"column":23},"end":{"line":10,"column":24}},"loc":{"start":{"line":10,"column":36},"end":{"line":17,"column":9}},"line":10},"3":{"name":"(anonymous_3)","decl":{"start":{"line":14,"column":16},"end":{"line":14,"column":17}},"loc":{"start":{"line":14,"column":41},"end":{"line":14,"column":56}},"line":14},"4":{"name":"(anonymous_4)","decl":{"start":{"line":15,"column":16},"end":{"line":15,"column":17}},"loc":{"start":{"line":15,"column":40},"end":{"line":15,"column":53}},"line":15}},"branchMap":{"0":{"loc":{"start":{"line":13,"column":29},"end":{"line":13,"column":72}},"type":"binary-expr","locations":[{"start":{"line":13,"column":29},"end":{"line":13,"column":44}},{"start":{"line":13,"column":48},"end":{"line":13,"column":72}}],"line":13}},"s":{"0":1,"1":2,"2":2,"3":2,"4":2,"5":4,"6":0},"f":{"0":2,"1":2,"2":2,"3":4,"4":0},"b":{"0":[2,0]},"_coverageSchema":"1a1c01bbd47fc00a2c39e90264f33305004495a9","hash":"9978c0bee50e122b83ef0151928032d4234ef137"}
,"/Users/mac/Documents/SYNTHEOSAI/SYNTHEOSCore/src/memory/retry_queue.ts": {"path":"/Users/mac/Documents/SYNTHEOSAI/SYNTHEOSCore/src/memory/retry_queue.ts","statementMap":{"0":{"start":{"line":8,"column":23},"end":{"line":8,"column":43}},"1":{"start":{"line":9,"column":11},"end":{"line":9,"column":61}},"2":{"start":{"line":21,"column":0},"end":{"line":28,"column":3}},"3":{"start":{"line":22,"column":4},"end":{"line":27,"column":3}},"4":{"start":{"line":32,"column":20},"end":{"line":32,"column":40}},"5":{"start":{"line":33,"column":22},"end":{"line":33,"column":78}},"6":{"start":{"line":35,"column":4},"end":{"line":44,"column":7}},"7":{"start":{"line":36,"column":8},"end":{"line":43,"column":11}},"8":{"start":{"line":37,"column":12},"end":{"line":42,"column":14}},"9":{"start":{"line":40,"column":41},"end":{"line":40,"column":56}},"10":{"start":{"line":41,"column":40},"end":{"line":41,"column":53}},"11":{"start":{"line":49,"column":4},"end":{"line":73,"column":7}},"12":{"start":{"line":50,"column":8},"end":{"line":72,"column":11}},"13":{"start":{"line":51,"column":12},"end":{"line":71,"column":14}},"14":{"start":{"line":55,"column":69},"end":{"line":55,"column":71}},"15":{"start":{"line":56,"column":20},"end":{"line":67,"column":21}},"16":{"start":{"line":56,"column":33},"end":{"line":56,"column":34}},"17":{"start":{"line":57,"column":36},"end":{"line":57,"column":48}},"18":{"start":{"line":58,"column":24},"end":{"line":66,"column":25}},"19":{"start":{"line":59,"column":46},"end":{"line":59,"column":120}},"20":{"start":{"line":60,"column":61},"end":{"line":60,"column":82}},"21":{"start":{"line":61,"column":28},"end":{"line":63,"column":31}},"22":{"start":{"line":62,"column":32},"end":{"line":62,"column":70}},"23":{"start":{"line":65,"column":28},"end":{"line":65,"column":83}},"24":{"start":{"line":68,"column":20},"end":{"line":68,"column":37}},"25":{"start":{"line":70,"column":40},"end":{"line":70,"column":53}},"26":{"start":{"line":78,"column":4},"end":{"line":87,"column":7}},"27":{"start":{"line":79,"column":8},"end":{"line":86,"column":11}},"28":{"start":{"line":80,"column":12},"end":{"line":85,"column":14}},"29":{"start":{"line":83,"column":41},"end":{"line":83,"column":56}},"30":{"start":{"line":84,"column":40},"end":{"line":84,"column":53}},"31":{"start":{"line":92,"column":18},"end":{"line":92,"column":39}},"32":{"start":{"line":93,"column":4},"end":{"line":101,"column":5}},"33":{"start":{"line":94,"column":8},"end":{"line":100,"column":9}},"34":{"start":{"line":95,"column":12},"end":{"line":95,"column":33}},"35":{"start":{"line":96,"column":12},"end":{"line":96,"column":48}},"36":{"start":{"line":97,"column":12},"end":{"line":97,"column":72}},"37":{"start":{"line":99,"column":12},"end":{"line":99,"column":70}},"38":{"start":{"line":106,"column":4},"end":{"line":110,"column":7}},"39":{"start":{"line":107,"column":8},"end":{"line":109,"column":9}},"40":{"start":{"line":108,"column":12},"end":{"line":108,"column":22}},"41":{"start":{"line":115,"column":18},"end":{"line":115,"column":39}},"42":{"start":{"line":116,"column":4},"end":{"line":118,"column":5}},"43":{"start":{"line":117,"column":8},"end":{"line":117,"column":18}}},"fnMap":{"0":{"name":"(anonymous_0)","decl":{"start":{"line":21,"column":15},"end":{"line":21,"column":16}},"loc":{"start":{"line":21,"column":42},"end":{"line":28,"column":1}},"line":21},"1":{"name":"saveToRetryQueue","decl":{"start":{"line":31,"column":22},"end":{"line":31,"column":38}},"loc":{"start":{"line":31,"column":59},"end":{"line":45,"column":1}},"line":31},"2":{"name":"(anonymous_2)","decl":{"start":{"line":35,"column":23},"end":{"line":35,"column":24}},"loc":{"start":{"line":35,"column":44},"end":{"line":44,"column":5}},"line":35},"3":{"name":"(anonymous_3)","decl":{"start":{"line":36,"column":23},"end":{"line":36,"column":24}},"loc":{"start":{"line":36,"column":50},"end":{"line":43,"column":9}},"line":36},"4":{"name":"(anonymous_4)","decl":{"start":{"line":40,"column":16},"end":{"line":40,"column":17}},"loc":{"start":{"line":40,"column":41},"end":{"line":40,"column":56}},"line":40},"5":{"name":"(anonymous_5)","decl":{"start":{"line":41,"column":16},"end":{"line":41,"column":17}},"loc":{"start":{"line":41,"column":40},"end":{"line":41,"column":53}},"line":41},"6":{"name":"getRetryQueue","decl":{"start":{"line":48,"column":22},"end":{"line":48,"column":35}},"loc":{"start":{"line":48,"column":80},"end":{"line":74,"column":1}},"line":48},"7":{"name":"(anonymous_7)","decl":{"start":{"line":49,"column":23},"end":{"line":49,"column":24}},"loc":{"start":{"line":49,"column":44},"end":{"line":73,"column":5}},"line":49},"8":{"name":"(anonymous_8)","decl":{"start":{"line":50,"column":23},"end":{"line":50,"column":24}},"loc":{"start":{"line":50,"column":50},"end":{"line":72,"column":9}},"line":50},"9":{"name":"(anonymous_9)","decl":{"start":{"line":54,"column":16},"end":{"line":54,"column":17}},"loc":{"start":{"line":54,"column":43},"end":{"line":69,"column":17}},"line":54},"10":{"name":"(anonymous_10)","decl":{"start":{"line":61,"column":47},"end":{"line":61,"column":48}},"loc":{"start":{"line":61,"column":55},"end":{"line":63,"column":29}},"line":61},"11":{"name":"(anonymous_11)","decl":{"start":{"line":70,"column":16},"end":{"line":70,"column":17}},"loc":{"start":{"line":70,"column":40},"end":{"line":70,"column":53}},"line":70},"12":{"name":"removeFromRetryQueue","decl":{"start":{"line":77,"column":22},"end":{"line":77,"column":42}},"loc":{"start":{"line":77,"column":55},"end":{"line":88,"column":1}},"line":77},"13":{"name":"(anonymous_13)","decl":{"start":{"line":78,"column":23},"end":{"line":78,"column":24}},"loc":{"start":{"line":78,"column":44},"end":{"line":87,"column":5}},"line":78},"14":{"name":"(anonymous_14)","decl":{"start":{"line":79,"column":23},"end":{"line":79,"column":24}},"loc":{"start":{"line":79,"column":50},"end":{"line":86,"column":9}},"line":79},"15":{"name":"(anonymous_15)","decl":{"start":{"line":83,"column":16},"end":{"line":83,"column":17}},"loc":{"start":{"line":83,"column":41},"end":{"line":83,"column":56}},"line":83},"16":{"name":"(anonymous_16)","decl":{"start":{"line":84,"column":16},"end":{"line":84,"column":17}},"loc":{"start":{"line":84,"column":40},"end":{"line":84,"column":53}},"line":84},"17":{"name":"processRetryQueue","decl":{"start":{"line":91,"column":22},"end":{"line":91,"column":39}},"loc":{"start":{"line":91,"column":87},"end":{"line":102,"column":1}},"line":91},"18":{"name":"monitorNetworkAndRetrySync","decl":{"start":{"line":105,"column":16},"end":{"line":105,"column":42}},"loc":{"start":{"line":105,"column":64},"end":{"line":111,"column":1}},"line":105},"19":{"name":"(anonymous_19)","decl":{"start":{"line":106,"column":29},"end":{"line":106,"column":30}},"loc":{"start":{"line":106,"column":40},"end":{"line":110,"column":5}},"line":106},"20":{"name":"bootRetryOnStart","decl":{"start":{"line":114,"column":22},"end":{"line":114,"column":38}},"loc":{"start":{"line":114,"column":60},"end":{"line":119,"column":1}},"line":114}},"branchMap":{"0":{"loc":{"start":{"line":107,"column":8},"end":{"line":109,"column":9}},"type":"if","locations":[{"start":{"line":107,"column":8},"end":{"line":109,"column":9}},{"start":{},"end":{}}],"line":107},"1":{"loc":{"start":{"line":107,"column":12},"end":{"line":107,"column":58}},"type":"binary-expr","locations":[{"start":{"line":107,"column":12},"end":{"line":107,"column":29}},{"start":{"line":107,"column":33},"end":{"line":107,"column":58}}],"line":107},"2":{"loc":{"start":{"line":116,"column":4},"end":{"line":118,"column":5}},"type":"if","locations":[{"start":{"line":116,"column":4},"end":{"line":118,"column":5}},{"start":{},"end":{}}],"line":116},"3":{"loc":{"start":{"line":116,"column":8},"end":{"line":116,"column":54}},"type":"binary-expr","locations":[{"start":{"line":116,"column":8},"end":{"line":116,"column":25}},{"start":{"line":116,"column":29},"end":{"line":116,"column":54}}],"line":116}},"s":{"0":1,"1":1,"2":1,"3":1,"4":1,"5":1,"6":1,"7":1,"8":1,"9":2,"10":0,"11":1,"12":1,"13":1,"14":1,"15":1,"16":1,"17":1,"18":1,"19":1,"20":1,"21":1,"22":1,"23":0,"24":1,"25":0,"26":0,"27":0,"28":0,"29":0,"30":0,"31":0,"32":0,"33":0,"34":0,"35":0,"36":0,"37":0,"38":0,"39":0,"40":0,"41":0,"42":0,"43":0},"f":{"0":1,"1":1,"2":1,"3":1,"4":2,"5":0,"6":1,"7":1,"8":1,"9":1,"10":1,"11":0,"12":0,"13":0,"14":0,"15":0,"16":0,"17":0,"18":0,"19":0,"20":0},"b":{"0":[0,0],"1":[0,0],"2":[0,0],"3":[0,0]},"_coverageSchema":"1a1c01bbd47fc00a2c39e90264f33305004495a9","hash":"9178d95502565dc1d464831225d9392bb15c2ed2"}
,"/Users/mac/Documents/SYNTHEOSAI/SYNTHEOSCore/src/ui/voice_assistant.ts": {"path":"/Users/mac/Documents/SYNTHEOSAI/SYNTHEOSCore/src/ui/voice_assistant.ts","statementMap":{"0":{"start":{"line":18,"column":34},"end":{"line":18,"column":61}},"1":{"start":{"line":20,"column":4},"end":{"line":32,"column":5}},"2":{"start":{"line":21,"column":8},"end":{"line":24,"column":10}},"3":{"start":{"line":22,"column":31},"end":{"line":22,"column":50}},"4":{"start":{"line":25,"column":11},"end":{"line":32,"column":5}},"5":{"start":{"line":26,"column":8},"end":{"line":29,"column":10}},"6":{"start":{"line":27,"column":31},"end":{"line":27,"column":52}},"7":{"start":{"line":31,"column":8},"end":{"line":31,"column":58}},"8":{"start":{"line":39,"column":18},"end":{"line":39,"column":53}},"9":{"start":{"line":40,"column":4},"end":{"line":40,"column":21}},"10":{"start":{"line":48,"column":4},"end":{"line":51,"column":6}},"11":{"start":{"line":49,"column":21},"end":{"line":49,"column":43}},"12":{"start":{"line":50,"column":8},"end":{"line":50,"column":39}},"13":{"start":{"line":53,"column":4},"end":{"line":56,"column":6}},"14":{"start":{"line":54,"column":8},"end":{"line":54,"column":54}},"15":{"start":{"line":55,"column":8},"end":{"line":55,"column":61}}},"fnMap":{"0":{"name":"getVoiceCommandResponse","decl":{"start":{"line":17,"column":22},"end":{"line":17,"column":45}},"loc":{"start":{"line":17,"column":77},"end":{"line":33,"column":1}},"line":17},"1":{"name":"(anonymous_1)","decl":{"start":{"line":22,"column":26},"end":{"line":22,"column":27}},"loc":{"start":{"line":22,"column":31},"end":{"line":22,"column":50}},"line":22},"2":{"name":"(anonymous_2)","decl":{"start":{"line":27,"column":26},"end":{"line":27,"column":27}},"loc":{"start":{"line":27,"column":31},"end":{"line":27,"column":52}},"line":27},"3":{"name":"handleVoiceCommand","decl":{"start":{"line":38,"column":22},"end":{"line":38,"column":40}},"loc":{"start":{"line":38,"column":55},"end":{"line":41,"column":1}},"line":38},"4":{"name":"setupVoiceAssistant","decl":{"start":{"line":47,"column":16},"end":{"line":47,"column":35}},"loc":{"start":{"line":47,"column":38},"end":{"line":57,"column":1}},"line":47},"5":{"name":"(anonymous_5)","decl":{"start":{"line":48,"column":28},"end":{"line":48,"column":29}},"loc":{"start":{"line":48,"column":65},"end":{"line":51,"column":5}},"line":48},"6":{"name":"(anonymous_6)","decl":{"start":{"line":53,"column":26},"end":{"line":53,"column":27}},"loc":{"start":{"line":53,"column":40},"end":{"line":56,"column":5}},"line":53}},"branchMap":{"0":{"loc":{"start":{"line":20,"column":4},"end":{"line":32,"column":5}},"type":"if","locations":[{"start":{"line":20,"column":4},"end":{"line":32,"column":5}},{"start":{"line":25,"column":11},"end":{"line":32,"column":5}}],"line":20},"1":{"loc":{"start":{"line":25,"column":11},"end":{"line":32,"column":5}},"type":"if","locations":[{"start":{"line":25,"column":11},"end":{"line":32,"column":5}},{"start":{"line":30,"column":11},"end":{"line":32,"column":5}}],"line":25},"2":{"loc":{"start":{"line":49,"column":21},"end":{"line":49,"column":43}},"type":"binary-expr","locations":[{"start":{"line":49,"column":21},"end":{"line":49,"column":37}},{"start":{"line":49,"column":41},"end":{"line":49,"column":43}}],"line":49}},"s":{"0":1,"1":1,"2":0,"3":0,"4":1,"5":1,"6":1,"7":0,"8":1,"9":1,"10":0,"11":0,"12":0,"13":0,"14":0,"15":0},"f":{"0":1,"1":0,"2":1,"3":1,"4":0,"5":0,"6":0},"b":{"0":[0,1],"1":[1,0],"2":[0,0]},"_coverageSchema":"1a1c01bbd47fc00a2c39e90264f33305004495a9","hash":"0312640929c96ba958d015449ac379c1c793e27f"}
}
