TN:
SF:src/ai/summarizer.ts
FN:6,summarizeMemories
FN:9,(anonymous_1)
FNF:2
FNH:2
FNDA:3,summarizeMemories
FNDA:4,(anonymous_1)
DA:7,3
DA:9,4
DA:11,3
DA:13,3
DA:15,3
DA:22,3
LF:6
LH:6
BRDA:7,0,0,0
BRDA:7,0,1,3
BRDA:11,1,0,3
BRDA:11,1,1,0
BRF:4
BRH:2
end_of_record
TN:
SF:src/memory/memory_store.ts
FN:6,saveMemory
FN:7,(anonymous_1)
FN:10,(anonymous_2)
FN:14,(anonymous_3)
FN:15,(anonymous_4)
FNF:5
FNH:4
FNDA:2,saveMemory
FNDA:2,(anonymous_1)
FNDA:2,(anonymous_2)
FNDA:4,(anonymous_3)
FNDA:0,(anonymous_4)
DA:4,1
DA:7,2
DA:8,2
DA:10,2
DA:11,2
DA:14,4
DA:15,0
LF:7
LH:6
BRDA:13,0,0,2
BRDA:13,0,1,0
BRF:2
BRH:1
end_of_record
TN:
SF:src/memory/retry_queue.ts
FN:21,(anonymous_0)
FN:31,saveToRetryQueue
FN:35,(anonymous_2)
FN:36,(anonymous_3)
FN:40,(anonymous_4)
FN:41,(anonymous_5)
FN:48,getRetryQueue
FN:49,(anonymous_7)
FN:50,(anonymous_8)
FN:54,(anonymous_9)
FN:61,(anonymous_10)
FN:70,(anonymous_11)
FN:77,removeFromRetryQueue
FN:78,(anonymous_13)
FN:79,(anonymous_14)
FN:83,(anonymous_15)
FN:84,(anonymous_16)
FN:91,processRetryQueue
FN:105,monitorNetworkAndRetrySync
FN:106,(anonymous_19)
FN:114,bootRetryOnStart
FNF:21
FNH:10
FNDA:1,(anonymous_0)
FNDA:1,saveToRetryQueue
FNDA:1,(anonymous_2)
FNDA:1,(anonymous_3)
FNDA:2,(anonymous_4)
FNDA:0,(anonymous_5)
FNDA:1,getRetryQueue
FNDA:1,(anonymous_7)
FNDA:1,(anonymous_8)
FNDA:1,(anonymous_9)
FNDA:1,(anonymous_10)
FNDA:0,(anonymous_11)
FNDA:0,removeFromRetryQueue
FNDA:0,(anonymous_13)
FNDA:0,(anonymous_14)
FNDA:0,(anonymous_15)
FNDA:0,(anonymous_16)
FNDA:0,processRetryQueue
FNDA:0,monitorNetworkAndRetrySync
FNDA:0,(anonymous_19)
FNDA:0,bootRetryOnStart
DA:8,1
DA:9,1
DA:21,1
DA:22,1
DA:32,1
DA:33,1
DA:35,1
DA:36,1
DA:37,1
DA:40,2
DA:41,0
DA:49,1
DA:50,1
DA:51,1
DA:55,1
DA:56,1
DA:57,1
DA:58,1
DA:59,1
DA:60,1
DA:61,1
DA:62,1
DA:65,0
DA:68,1
DA:70,0
DA:78,0
DA:79,0
DA:80,0
DA:83,0
DA:84,0
DA:92,0
DA:93,0
DA:94,0
DA:95,0
DA:96,0
DA:97,0
DA:99,0
DA:106,0
DA:107,0
DA:108,0
DA:115,0
DA:116,0
DA:117,0
LF:43
LH:22
BRDA:107,0,0,0
BRDA:107,0,1,0
BRDA:107,1,0,0
BRDA:107,1,1,0
BRDA:116,2,0,0
BRDA:116,2,1,0
BRDA:116,3,0,0
BRDA:116,3,1,0
BRF:8
BRH:0
end_of_record
TN:
SF:src/ui/voice_assistant.ts
FN:17,getVoiceCommandResponse
FN:22,(anonymous_1)
FN:27,(anonymous_2)
FN:38,handleVoiceCommand
FN:47,setupVoiceAssistant
FN:48,(anonymous_5)
FN:53,(anonymous_6)
FNF:7
FNH:3
FNDA:1,getVoiceCommandResponse
FNDA:0,(anonymous_1)
FNDA:1,(anonymous_2)
FNDA:1,handleVoiceCommand
FNDA:0,setupVoiceAssistant
FNDA:0,(anonymous_5)
FNDA:0,(anonymous_6)
DA:18,1
DA:20,1
DA:21,0
DA:22,0
DA:25,1
DA:26,1
DA:27,1
DA:31,0
DA:39,1
DA:40,1
DA:48,0
DA:49,0
DA:50,0
DA:53,0
DA:54,0
DA:55,0
LF:16
LH:7
BRDA:20,0,0,0
BRDA:20,0,1,1
BRDA:25,1,0,1
BRDA:25,1,1,0
BRDA:49,2,0,0
BRDA:49,2,1,0
BRF:6
BRH:2
end_of_record
